[0419/221448.381:ERROR:process_reader_win.cc(151)] SuspendThread: Åtkomst nekad. (0x5)
[0419/221451.763:ERROR:process_reader_win.cc(151)] SuspendThread: Åtkomst nekad. (0x5)
[0419/221451.763:ERROR:process_reader_win.cc(151)] SuspendThread: Åtkomst nekad. (0x5)
[0419/221451.764:ERROR:process_reader_win.cc(151)] SuspendThread: Åtkomst nekad. (0x5)
[0419/221451.764:ERROR:process_reader_win.cc(151)] SuspendThread: Åtkomst nekad. (0x5)
[0419/221451.764:ERROR:process_reader_win.cc(151)] SuspendThread: Åtkomst nekad. (0x5)
[0419/221451.764:ERROR:process_reader_win.cc(151)] SuspendThread: Åtkomst nekad. (0x5)
[0419/221451.765:ERROR:process_reader_win.cc(151)] SuspendThread: Åtkomst nekad. (0x5)
[0419/221451.765:ERROR:process_reader_win.cc(151)] SuspendThread: Åtkomst nekad. (0x5)
[0419/221451.802:ERROR:process_reader_win.cc(151)] SuspendThread: Åtkomst nekad. (0x5)
[0419/221451.802:ERROR:process_reader_win.cc(151)] SuspendThread: Åtkomst nekad. (0x5)
[0419/221451.802:ERROR:process_reader_win.cc(151)] SuspendThread: Åtkomst nekad. (0x5)
[0419/221451.802:ERROR:process_reader_win.cc(123)] NtOpenThread: {Åtkomst nekad} En process har begärt åtkomst till ett objekt, men har inte de rättigheter som krävs. (0xc0000022)
[0419/221451.858:ERROR:exception_snapshot_win.cc(98)] thread ID 9612 not found in process
[0420/134741.728:ERROR:process_reader_win.cc(123)] NtOpenThread: {Åtkomst nekad} En process har begärt åtkomst till ett objekt, men har inte de rättigheter som krävs. (0xc0000022)
[0420/134741.762:ERROR:exception_snapshot_win.cc(98)] thread ID 6920 not found in process
[0420/135353.639:ERROR:process_reader_win.cc(123)] NtOpenThread: {Åtkomst nekad} En process har begärt åtkomst till ett objekt, men har inte de rättigheter som krävs. (0xc0000022)
[0420/135353.640:ERROR:exception_snapshot_win.cc(98)] thread ID 8032 not found in process
[0420/140045.018:ERROR:process_reader_win.cc(123)] NtOpenThread: {Åtkomst nekad} En process har begärt åtkomst till ett objekt, men har inte de rättigheter som krävs. (0xc0000022)
[0420/140045.019:ERROR:exception_snapshot_win.cc(98)] thread ID 14160 not found in process
[0420/144200.058:ERROR:process_reader_win.cc(123)] NtOpenThread: {Åtkomst nekad} En process har begärt åtkomst till ett objekt, men har inte de rättigheter som krävs. (0xc0000022)
[0420/144200.075:ERROR:exception_snapshot_win.cc(98)] thread ID 7340 not found in process
[0422/162034.079:ERROR:process_reader_win.cc(123)] NtOpenThread: {Åtkomst nekad} En process har begärt åtkomst till ett objekt, men har inte de rättigheter som krävs. (0xc0000022)
[0422/162034.166:ERROR:exception_snapshot_win.cc(98)] thread ID 16928 not found in process
[0423/232541.621:ERROR:process_reader_win.cc(123)] NtOpenThread: {Åtkomst nekad} En process har begärt åtkomst till ett objekt, men har inte de rättigheter som krävs. (0xc0000022)
[0423/232543.139:ERROR:exception_snapshot_win.cc(98)] thread ID 15484 not found in process
[0423/232731.400:ERROR:process_reader_win.cc(151)] SuspendThread: Åtkomst nekad. (0x5)
[0423/232731.404:ERROR:process_reader_win.cc(151)] SuspendThread: Åtkomst nekad. (0x5)
[0423/232731.404:ERROR:process_reader_win.cc(151)] SuspendThread: Åtkomst nekad. (0x5)
[0423/232731.404:ERROR:process_reader_win.cc(151)] SuspendThread: Åtkomst nekad. (0x5)
[0423/232731.404:ERROR:process_reader_win.cc(151)] SuspendThread: Åtkomst nekad. (0x5)
[0423/232731.404:ERROR:process_reader_win.cc(151)] SuspendThread: Åtkomst nekad. (0x5)
[0423/232731.404:ERROR:process_reader_win.cc(151)] SuspendThread: Åtkomst nekad. (0x5)
[0423/232731.404:ERROR:process_reader_win.cc(151)] SuspendThread: Åtkomst nekad. (0x5)
[0423/232731.404:ERROR:process_reader_win.cc(151)] SuspendThread: Åtkomst nekad. (0x5)
[0423/232731.404:ERROR:process_reader_win.cc(151)] SuspendThread: Åtkomst nekad. (0x5)
[0423/232731.404:ERROR:process_reader_win.cc(151)] SuspendThread: Åtkomst nekad. (0x5)
[0423/232731.404:ERROR:process_reader_win.cc(151)] SuspendThread: Åtkomst nekad. (0x5)
[0423/232731.404:ERROR:process_reader_win.cc(123)] NtOpenThread: {Åtkomst nekad} En process har begärt åtkomst till ett objekt, men har inte de rättigheter som krävs. (0xc0000022)
[0423/232731.404:ERROR:exception_snapshot_win.cc(98)] thread ID 13860 not found in process
[0423/232733.271:ERROR:process_reader_win.cc(123)] NtOpenThread: {Åtkomst nekad} En process har begärt åtkomst till ett objekt, men har inte de rättigheter som krävs. (0xc0000022)
[0423/232733.271:ERROR:exception_snapshot_win.cc(98)] thread ID 11260 not found in process
[0423/233544.205:ERROR:process_reader_win.cc(123)] NtOpenThread: {Åtkomst nekad} En process har begärt åtkomst till ett objekt, men har inte de rättigheter som krävs. (0xc0000022)
[0423/233544.205:ERROR:exception_snapshot_win.cc(98)] thread ID 17156 not found in process
[0423/234817.688:ERROR:process_reader_win.cc(151)] SuspendThread: Åtkomst nekad. (0x5)
[0423/234817.693:ERROR:process_reader_win.cc(151)] SuspendThread: Åtkomst nekad. (0x5)
[0423/234817.693:ERROR:process_reader_win.cc(151)] SuspendThread: Åtkomst nekad. (0x5)
[0423/234817.693:ERROR:process_reader_win.cc(151)] SuspendThread: Åtkomst nekad. (0x5)
[0423/234817.693:ERROR:process_reader_win.cc(151)] SuspendThread: Åtkomst nekad. (0x5)
[0423/234817.693:ERROR:process_reader_win.cc(151)] SuspendThread: Åtkomst nekad. (0x5)
[0423/234817.693:ERROR:process_reader_win.cc(151)] SuspendThread: Åtkomst nekad. (0x5)
[0423/234817.693:ERROR:process_reader_win.cc(151)] SuspendThread: Åtkomst nekad. (0x5)
[0423/234817.693:ERROR:process_reader_win.cc(151)] SuspendThread: Åtkomst nekad. (0x5)
[0423/234817.693:ERROR:process_reader_win.cc(151)] SuspendThread: Åtkomst nekad. (0x5)
[0423/234817.693:ERROR:process_reader_win.cc(151)] SuspendThread: Åtkomst nekad. (0x5)
[0423/234817.693:ERROR:process_reader_win.cc(151)] SuspendThread: Åtkomst nekad. (0x5)
[0423/234817.693:ERROR:process_reader_win.cc(151)] SuspendThread: Åtkomst nekad. (0x5)
[0423/234817.693:ERROR:process_reader_win.cc(151)] SuspendThread: Åtkomst nekad. (0x5)
[0423/234817.693:ERROR:process_reader_win.cc(151)] SuspendThread: Åtkomst nekad. (0x5)
[0423/234817.693:ERROR:process_reader_win.cc(151)] SuspendThread: Åtkomst nekad. (0x5)
[0423/234817.693:ERROR:process_reader_win.cc(151)] SuspendThread: Åtkomst nekad. (0x5)
[0423/234817.693:ERROR:process_reader_win.cc(123)] NtOpenThread: {Åtkomst nekad} En process har begärt åtkomst till ett objekt, men har inte de rättigheter som krävs. (0xc0000022)
[0423/234817.693:ERROR:exception_snapshot_win.cc(98)] thread ID 13516 not found in process
[0423/234949.455:ERROR:process_reader_win.cc(123)] NtOpenThread: {Åtkomst nekad} En process har begärt åtkomst till ett objekt, men har inte de rättigheter som krävs. (0xc0000022)
[0423/234949.455:ERROR:exception_snapshot_win.cc(98)] thread ID 19324 not found in process
[0423/235100.652:ERROR:process_reader_win.cc(151)] SuspendThread: Åtkomst nekad. (0x5)
[0423/235100.656:ERROR:process_reader_win.cc(151)] SuspendThread: Åtkomst nekad. (0x5)
[0423/235100.656:ERROR:process_reader_win.cc(151)] SuspendThread: Åtkomst nekad. (0x5)
[0423/235100.656:ERROR:process_reader_win.cc(151)] SuspendThread: Åtkomst nekad. (0x5)
[0423/235100.656:ERROR:process_reader_win.cc(151)] SuspendThread: Åtkomst nekad. (0x5)
[0423/235100.656:ERROR:process_reader_win.cc(151)] SuspendThread: Åtkomst nekad. (0x5)
[0423/235100.656:ERROR:process_reader_win.cc(151)] SuspendThread: Åtkomst nekad. (0x5)
[0423/235100.656:ERROR:process_reader_win.cc(151)] SuspendThread: Åtkomst nekad. (0x5)
[0423/235100.656:ERROR:process_reader_win.cc(151)] SuspendThread: Åtkomst nekad. (0x5)
[0423/235100.656:ERROR:process_reader_win.cc(151)] SuspendThread: Åtkomst nekad. (0x5)
[0423/235100.656:ERROR:process_reader_win.cc(151)] SuspendThread: Åtkomst nekad. (0x5)
[0423/235100.656:ERROR:process_reader_win.cc(123)] NtOpenThread: {Åtkomst nekad} En process har begärt åtkomst till ett objekt, men har inte de rättigheter som krävs. (0xc0000022)
[0423/235100.656:ERROR:exception_snapshot_win.cc(98)] thread ID 17776 not found in process
[0424/000601.136:ERROR:process_reader_win.cc(123)] NtOpenThread: {Åtkomst nekad} En process har begärt åtkomst till ett objekt, men har inte de rättigheter som krävs. (0xc0000022)
[0424/000601.140:ERROR:exception_snapshot_win.cc(98)] thread ID 12588 not found in process
[0424/000601.160:ERROR:process_reader_win.cc(151)] SuspendThread: Åtkomst nekad. (0x5)
[0424/000601.160:ERROR:process_reader_win.cc(123)] NtOpenThread: {Åtkomst nekad} En process har begärt åtkomst till ett objekt, men har inte de rättigheter som krävs. (0xc0000022)
[0424/000601.160:ERROR:exception_snapshot_win.cc(98)] thread ID 14952 not found in process
[0424/000601.216:ERROR:process_reader_win.cc(123)] NtOpenThread: {Åtkomst nekad} En process har begärt åtkomst till ett objekt, men har inte de rättigheter som krävs. (0xc0000022)
[0424/000601.216:ERROR:exception_snapshot_win.cc(98)] thread ID 10084 not found in process
[0424/000731.025:ERROR:process_reader_win.cc(151)] SuspendThread: Åtkomst nekad. (0x5)
[0424/000731.040:ERROR:process_reader_win.cc(151)] SuspendThread: Åtkomst nekad. (0x5)
[0424/000731.040:ERROR:process_reader_win.cc(151)] SuspendThread: Åtkomst nekad. (0x5)
[0424/000731.040:ERROR:process_reader_win.cc(151)] SuspendThread: Åtkomst nekad. (0x5)
[0424/000731.040:ERROR:process_reader_win.cc(151)] SuspendThread: Åtkomst nekad. (0x5)
[0424/000731.040:ERROR:process_reader_win.cc(151)] SuspendThread: Åtkomst nekad. (0x5)
[0424/000731.040:ERROR:process_reader_win.cc(123)] NtOpenThread: {Åtkomst nekad} En process har begärt åtkomst till ett objekt, men har inte de rättigheter som krävs. (0xc0000022)
[0424/000731.040:ERROR:exception_snapshot_win.cc(98)] thread ID 11676 not found in process
[0424/094610.548:ERROR:process_reader_win.cc(123)] NtOpenThread: {Åtkomst nekad} En process har begärt åtkomst till ett objekt, men har inte de rättigheter som krävs. (0xc0000022)
[0424/094612.164:ERROR:exception_snapshot_win.cc(98)] thread ID 20252 not found in process
[0424/094643.860:ERROR:process_reader_win.cc(123)] NtOpenThread: {Åtkomst nekad} En process har begärt åtkomst till ett objekt, men har inte de rättigheter som krävs. (0xc0000022)
[0424/094643.861:ERROR:exception_snapshot_win.cc(98)] thread ID 13712 not found in process
[0427/105436.905:ERROR:process_reader_win.cc(123)] NtOpenThread: {Åtkomst nekad} En process har begärt åtkomst till ett objekt, men har inte de rättigheter som krävs. (0xc0000022)
[0427/105436.927:ERROR:exception_snapshot_win.cc(98)] thread ID 14036 not found in process
[0427/105926.781:ERROR:process_reader_win.cc(151)] SuspendThread: Åtkomst nekad. (0x5)
[0427/105926.782:ERROR:process_reader_win.cc(151)] SuspendThread: Åtkomst nekad. (0x5)
[0427/105926.782:ERROR:process_reader_win.cc(151)] SuspendThread: Åtkomst nekad. (0x5)
[0427/105926.782:ERROR:process_reader_win.cc(151)] SuspendThread: Åtkomst nekad. (0x5)
[0427/105926.782:ERROR:process_reader_win.cc(151)] SuspendThread: Åtkomst nekad. (0x5)
[0427/105926.782:ERROR:process_reader_win.cc(123)] NtOpenThread: {Åtkomst nekad} En process har begärt åtkomst till ett objekt, men har inte de rättigheter som krävs. (0xc0000022)
[0427/105926.782:ERROR:exception_snapshot_win.cc(98)] thread ID 19328 not found in process
[0428/100423.881:ERROR:process_reader_win.cc(123)] NtOpenThread: {Åtkomst nekad} En process har begärt åtkomst till ett objekt, men har inte de rättigheter som krävs. (0xc0000022)
[0428/100423.905:ERROR:exception_snapshot_win.cc(98)] thread ID 21656 not found in process
[0428/101715.136:ERROR:process_reader_win.cc(123)] NtOpenThread: {Åtkomst nekad} En process har begärt åtkomst till ett objekt, men har inte de rättigheter som krävs. (0xc0000022)
[0428/101715.137:ERROR:exception_snapshot_win.cc(98)] thread ID 7596 not found in process
[0428/101834.244:ERROR:process_reader_win.cc(123)] NtOpenThread: {Åtkomst nekad} En process har begärt åtkomst till ett objekt, men har inte de rättigheter som krävs. (0xc0000022)
[0428/101834.244:ERROR:exception_snapshot_win.cc(98)] thread ID 19192 not found in process
[0428/203304.438:ERROR:process_reader_win.cc(123)] NtOpenThread: {Åtkomst nekad} En process har begärt åtkomst till ett objekt, men har inte de rättigheter som krävs. (0xc0000022)
[0428/203306.100:ERROR:exception_snapshot_win.cc(98)] thread ID 20888 not found in process
[0428/203718.445:ERROR:process_reader_win.cc(123)] NtOpenThread: {Åtkomst nekad} En process har begärt åtkomst till ett objekt, men har inte de rättigheter som krävs. (0xc0000022)
[0428/203718.449:ERROR:exception_snapshot_win.cc(98)] thread ID 19188 not found in process
[0428/203933.866:ERROR:process_reader_win.cc(151)] SuspendThread: Åtkomst nekad. (0x5)
[0428/203933.866:ERROR:process_reader_win.cc(151)] SuspendThread: Åtkomst nekad. (0x5)
[0428/203933.866:ERROR:process_reader_win.cc(151)] SuspendThread: Åtkomst nekad. (0x5)
[0428/203933.866:ERROR:process_reader_win.cc(151)] SuspendThread: Åtkomst nekad. (0x5)
[0428/203933.866:ERROR:process_reader_win.cc(123)] NtOpenThread: {Åtkomst nekad} En process har begärt åtkomst till ett objekt, men har inte de rättigheter som krävs. (0xc0000022)
[0428/203933.866:ERROR:exception_snapshot_win.cc(98)] thread ID 2416 not found in process
[0428/204039.952:ERROR:process_reader_win.cc(151)] SuspendThread: Åtkomst nekad. (0x5)
[0428/204039.952:ERROR:process_reader_win.cc(151)] SuspendThread: Åtkomst nekad. (0x5)
[0428/204039.952:ERROR:process_reader_win.cc(151)] SuspendThread: Åtkomst nekad. (0x5)
[0428/204039.952:ERROR:process_reader_win.cc(151)] SuspendThread: Åtkomst nekad. (0x5)
[0428/204039.952:ERROR:process_reader_win.cc(151)] SuspendThread: Åtkomst nekad. (0x5)
[0428/204039.952:ERROR:process_reader_win.cc(151)] SuspendThread: Åtkomst nekad. (0x5)
[0428/204039.952:ERROR:process_reader_win.cc(151)] SuspendThread: Åtkomst nekad. (0x5)
[0428/204039.952:ERROR:process_reader_win.cc(151)] SuspendThread: Åtkomst nekad. (0x5)
[0428/204039.952:ERROR:process_reader_win.cc(151)] SuspendThread: Åtkomst nekad. (0x5)
[0428/204039.952:ERROR:process_reader_win.cc(151)] SuspendThread: Åtkomst nekad. (0x5)
[0428/204039.952:ERROR:process_reader_win.cc(151)] SuspendThread: Åtkomst nekad. (0x5)
[0428/204039.952:ERROR:process_reader_win.cc(151)] SuspendThread: Åtkomst nekad. (0x5)
[0428/204039.952:ERROR:process_reader_win.cc(123)] NtOpenThread: {Åtkomst nekad} En process har begärt åtkomst till ett objekt, men har inte de rättigheter som krävs. (0xc0000022)
[0428/204039.952:ERROR:exception_snapshot_win.cc(98)] thread ID 5976 not found in process
[0428/204148.682:ERROR:process_reader_win.cc(151)] SuspendThread: Åtkomst nekad. (0x5)
[0428/204148.683:ERROR:process_reader_win.cc(151)] SuspendThread: Åtkomst nekad. (0x5)
[0428/204148.683:ERROR:process_reader_win.cc(151)] SuspendThread: Åtkomst nekad. (0x5)
[0428/204148.683:ERROR:process_reader_win.cc(151)] SuspendThread: Åtkomst nekad. (0x5)
[0428/204148.683:ERROR:process_reader_win.cc(151)] SuspendThread: Åtkomst nekad. (0x5)
[0428/204148.683:ERROR:process_reader_win.cc(151)] SuspendThread: Åtkomst nekad. (0x5)
[0428/204148.683:ERROR:process_reader_win.cc(151)] SuspendThread: Åtkomst nekad. (0x5)
[0428/204148.683:ERROR:process_reader_win.cc(151)] SuspendThread: Åtkomst nekad. (0x5)
[0428/204148.683:ERROR:process_reader_win.cc(151)] SuspendThread: Åtkomst nekad. (0x5)
[0428/204148.683:ERROR:process_reader_win.cc(151)] SuspendThread: Åtkomst nekad. (0x5)
[0428/204148.683:ERROR:process_reader_win.cc(151)] SuspendThread: Åtkomst nekad. (0x5)
[0428/204148.683:ERROR:process_reader_win.cc(151)] SuspendThread: Åtkomst nekad. (0x5)
[0428/204148.683:ERROR:process_reader_win.cc(151)] SuspendThread: Åtkomst nekad. (0x5)
[0428/204148.683:ERROR:process_reader_win.cc(151)] SuspendThread: Åtkomst nekad. (0x5)
[0428/204148.683:ERROR:process_reader_win.cc(151)] SuspendThread: Åtkomst nekad. (0x5)
[0428/204148.683:ERROR:process_reader_win.cc(151)] SuspendThread: Åtkomst nekad. (0x5)
[0428/204148.683:ERROR:process_reader_win.cc(151)] SuspendThread: Åtkomst nekad. (0x5)
[0428/204148.684:ERROR:process_reader_win.cc(151)] SuspendThread: Åtkomst nekad. (0x5)
[0428/204148.684:ERROR:process_reader_win.cc(151)] SuspendThread: Åtkomst nekad. (0x5)
[0428/204148.684:ERROR:process_reader_win.cc(151)] SuspendThread: Åtkomst nekad. (0x5)
[0428/204148.684:ERROR:process_reader_win.cc(151)] SuspendThread: Åtkomst nekad. (0x5)
[0428/204148.684:ERROR:process_reader_win.cc(123)] NtOpenThread: {Åtkomst nekad} En process har begärt åtkomst till ett objekt, men har inte de rättigheter som krävs. (0xc0000022)
[0428/204148.684:ERROR:exception_snapshot_win.cc(98)] thread ID 11168 not found in process
[0428/204154.730:ERROR:process_reader_win.cc(151)] SuspendThread: Åtkomst nekad. (0x5)
[0428/204154.730:ERROR:process_reader_win.cc(151)] SuspendThread: Åtkomst nekad. (0x5)
[0428/204154.731:ERROR:process_reader_win.cc(151)] SuspendThread: Åtkomst nekad. (0x5)
[0428/204154.731:ERROR:process_reader_win.cc(151)] SuspendThread: Åtkomst nekad. (0x5)
[0428/204154.731:ERROR:process_reader_win.cc(151)] SuspendThread: Åtkomst nekad. (0x5)
[0428/204154.731:ERROR:process_reader_win.cc(151)] SuspendThread: Åtkomst nekad. (0x5)
[0428/204154.731:ERROR:process_reader_win.cc(123)] NtOpenThread: {Åtkomst nekad} En process har begärt åtkomst till ett objekt, men har inte de rättigheter som krävs. (0xc0000022)
[0428/204154.731:ERROR:exception_snapshot_win.cc(98)] thread ID 20436 not found in process
[0428/210924.847:ERROR:process_reader_win.cc(151)] SuspendThread: Åtkomst nekad. (0x5)
[0428/210926.850:ERROR:process_reader_win.cc(151)] SuspendThread: Åtkomst nekad. (0x5)
[0428/210926.850:ERROR:process_reader_win.cc(151)] SuspendThread: Åtkomst nekad. (0x5)
[0428/210926.850:ERROR:process_reader_win.cc(151)] SuspendThread: Åtkomst nekad. (0x5)
[0428/210926.850:ERROR:process_reader_win.cc(151)] SuspendThread: Åtkomst nekad. (0x5)
[0428/210926.850:ERROR:process_reader_win.cc(151)] SuspendThread: Åtkomst nekad. (0x5)
[0428/210926.850:ERROR:process_reader_win.cc(151)] SuspendThread: Åtkomst nekad. (0x5)
[0428/210926.850:ERROR:process_reader_win.cc(151)] SuspendThread: Åtkomst nekad. (0x5)
[0428/210926.850:ERROR:process_reader_win.cc(151)] SuspendThread: Åtkomst nekad. (0x5)
[0428/210926.850:ERROR:process_reader_win.cc(151)] SuspendThread: Åtkomst nekad. (0x5)
[0428/210926.850:ERROR:process_reader_win.cc(123)] NtOpenThread: {Åtkomst nekad} En process har begärt åtkomst till ett objekt, men har inte de rättigheter som krävs. (0xc0000022)
[0428/210926.896:ERROR:exception_snapshot_win.cc(98)] thread ID 20988 not found in process
[0428/212545.616:ERROR:process_reader_win.cc(123)] NtOpenThread: {Åtkomst nekad} En process har begärt åtkomst till ett objekt, men har inte de rättigheter som krävs. (0xc0000022)
[0428/212545.617:ERROR:exception_snapshot_win.cc(98)] thread ID 20308 not found in process
[0428/212622.645:ERROR:process_reader_win.cc(123)] NtOpenThread: {Åtkomst nekad} En process har begärt åtkomst till ett objekt, men har inte de rättigheter som krävs. (0xc0000022)
[0428/212622.646:ERROR:exception_snapshot_win.cc(98)] thread ID 12820 not found in process
[0428/213419.593:ERROR:process_reader_win.cc(123)] NtOpenThread: {Åtkomst nekad} En process har begärt åtkomst till ett objekt, men har inte de rättigheter som krävs. (0xc0000022)
[0428/213419.594:ERROR:exception_snapshot_win.cc(98)] thread ID 12392 not found in process
[0428/213527.842:ERROR:process_reader_win.cc(151)] SuspendThread: Åtkomst nekad. (0x5)
[0428/213527.843:ERROR:process_reader_win.cc(151)] SuspendThread: Åtkomst nekad. (0x5)
[0428/213527.843:ERROR:process_reader_win.cc(123)] NtOpenThread: {Åtkomst nekad} En process har begärt åtkomst till ett objekt, men har inte de rättigheter som krävs. (0xc0000022)
[0428/213527.843:ERROR:exception_snapshot_win.cc(98)] thread ID 20864 not found in process
[0428/213527.980:ERROR:process_reader_win.cc(151)] SuspendThread: Åtkomst nekad. (0x5)
[0428/213527.980:ERROR:process_reader_win.cc(151)] SuspendThread: Åtkomst nekad. (0x5)
[0428/213527.980:ERROR:process_reader_win.cc(151)] SuspendThread: Åtkomst nekad. (0x5)
[0428/213527.980:ERROR:process_reader_win.cc(151)] SuspendThread: Åtkomst nekad. (0x5)
[0428/213527.980:ERROR:process_reader_win.cc(151)] SuspendThread: Åtkomst nekad. (0x5)
[0428/213527.980:ERROR:process_reader_win.cc(151)] SuspendThread: Åtkomst nekad. (0x5)
[0428/213527.980:ERROR:process_reader_win.cc(151)] SuspendThread: Åtkomst nekad. (0x5)
[0428/213527.980:ERROR:process_reader_win.cc(151)] SuspendThread: Åtkomst nekad. (0x5)
[0428/213527.980:ERROR:process_reader_win.cc(151)] SuspendThread: Åtkomst nekad. (0x5)
[0428/213527.980:ERROR:process_reader_win.cc(123)] NtOpenThread: {Åtkomst nekad} En process har begärt åtkomst till ett objekt, men har inte de rättigheter som krävs. (0xc0000022)
[0428/213527.980:ERROR:exception_snapshot_win.cc(98)] thread ID 7176 not found in process
[0428/213619.086:ERROR:process_reader_win.cc(123)] NtOpenThread: {Åtkomst nekad} En process har begärt åtkomst till ett objekt, men har inte de rättigheter som krävs. (0xc0000022)
[0428/213619.087:ERROR:exception_snapshot_win.cc(98)] thread ID 11884 not found in process
[0430/103925.742:ERROR:process_reader_win.cc(123)] NtOpenThread: {Åtkomst nekad} En process har begärt åtkomst till ett objekt, men har inte de rättigheter som krävs. (0xc0000022)
[0430/103925.766:ERROR:exception_snapshot_win.cc(98)] thread ID 11276 not found in process
[0430/104151.699:ERROR:process_reader_win.cc(151)] SuspendThread: Åtkomst nekad. (0x5)
[0430/104151.699:ERROR:process_reader_win.cc(151)] SuspendThread: Åtkomst nekad. (0x5)
[0430/104151.699:ERROR:process_reader_win.cc(151)] SuspendThread: Åtkomst nekad. (0x5)
[0430/104151.699:ERROR:process_reader_win.cc(151)] SuspendThread: Åtkomst nekad. (0x5)
[0430/104151.699:ERROR:process_reader_win.cc(151)] SuspendThread: Åtkomst nekad. (0x5)
[0430/104151.699:ERROR:process_reader_win.cc(151)] SuspendThread: Åtkomst nekad. (0x5)
[0430/104151.699:ERROR:process_reader_win.cc(151)] SuspendThread: Åtkomst nekad. (0x5)
[0430/104151.699:ERROR:process_reader_win.cc(151)] SuspendThread: Åtkomst nekad. (0x5)
[0430/104151.699:ERROR:process_reader_win.cc(151)] SuspendThread: Åtkomst nekad. (0x5)
[0430/104151.699:ERROR:process_reader_win.cc(151)] SuspendThread: Åtkomst nekad. (0x5)
[0430/104151.699:ERROR:process_reader_win.cc(151)] SuspendThread: Åtkomst nekad. (0x5)
[0430/104151.699:ERROR:process_reader_win.cc(151)] SuspendThread: Åtkomst nekad. (0x5)
[0430/104151.699:ERROR:process_reader_win.cc(151)] SuspendThread: Åtkomst nekad. (0x5)
[0430/104151.699:ERROR:process_reader_win.cc(151)] SuspendThread: Åtkomst nekad. (0x5)
[0430/104151.699:ERROR:process_reader_win.cc(151)] SuspendThread: Åtkomst nekad. (0x5)
[0430/104151.699:ERROR:process_reader_win.cc(151)] SuspendThread: Åtkomst nekad. (0x5)
[0430/104151.699:ERROR:process_reader_win.cc(151)] SuspendThread: Åtkomst nekad. (0x5)
[0430/104151.699:ERROR:process_reader_win.cc(151)] SuspendThread: Åtkomst nekad. (0x5)
[0430/104151.699:ERROR:process_reader_win.cc(151)] SuspendThread: Åtkomst nekad. (0x5)
[0430/104151.699:ERROR:process_reader_win.cc(151)] SuspendThread: Åtkomst nekad. (0x5)
[0430/104151.699:ERROR:process_reader_win.cc(151)] SuspendThread: Åtkomst nekad. (0x5)
[0430/104151.699:ERROR:process_reader_win.cc(151)] SuspendThread: Åtkomst nekad. (0x5)
[0430/104151.699:ERROR:process_reader_win.cc(151)] SuspendThread: Åtkomst nekad. (0x5)
[0430/104151.699:ERROR:process_reader_win.cc(151)] SuspendThread: Åtkomst nekad. (0x5)
[0430/104151.699:ERROR:process_reader_win.cc(151)] SuspendThread: Åtkomst nekad. (0x5)
[0430/104151.699:ERROR:process_reader_win.cc(151)] SuspendThread: Åtkomst nekad. (0x5)
[0430/104151.699:ERROR:process_reader_win.cc(151)] SuspendThread: Åtkomst nekad. (0x5)
[0430/104151.699:ERROR:process_reader_win.cc(151)] SuspendThread: Åtkomst nekad. (0x5)
[0430/104151.699:ERROR:process_reader_win.cc(151)] SuspendThread: Åtkomst nekad. (0x5)
[0430/104151.699:ERROR:process_reader_win.cc(151)] SuspendThread: Åtkomst nekad. (0x5)
[0430/104151.699:ERROR:process_reader_win.cc(151)] SuspendThread: Åtkomst nekad. (0x5)
[0430/104151.699:ERROR:process_reader_win.cc(151)] SuspendThread: Åtkomst nekad. (0x5)
[0430/104151.699:ERROR:process_reader_win.cc(151)] SuspendThread: Åtkomst nekad. (0x5)
[0430/104151.699:ERROR:process_reader_win.cc(123)] NtOpenThread: {Åtkomst nekad} En process har begärt åtkomst till ett objekt, men har inte de rättigheter som krävs. (0xc0000022)
[0430/104151.699:ERROR:exception_snapshot_win.cc(98)] thread ID 6532 not found in process
[0430/104404.804:ERROR:process_reader_win.cc(123)] NtOpenThread: {Åtkomst nekad} En process har begärt åtkomst till ett objekt, men har inte de rättigheter som krävs. (0xc0000022)
[0430/104404.804:ERROR:exception_snapshot_win.cc(98)] thread ID 9924 not found in process
[0430/112213.587:ERROR:process_reader_win.cc(151)] SuspendThread: Åtkomst nekad. (0x5)
[0430/112220.441:ERROR:process_reader_win.cc(151)] SuspendThread: Åtkomst nekad. (0x5)
[0430/112220.441:ERROR:process_reader_win.cc(151)] SuspendThread: Åtkomst nekad. (0x5)
[0430/112220.441:ERROR:process_reader_win.cc(151)] SuspendThread: Åtkomst nekad. (0x5)
[0430/112220.441:ERROR:process_reader_win.cc(151)] SuspendThread: Åtkomst nekad. (0x5)
[0430/112220.441:ERROR:process_reader_win.cc(151)] SuspendThread: Åtkomst nekad. (0x5)
[0430/112220.441:ERROR:process_reader_win.cc(151)] SuspendThread: Åtkomst nekad. (0x5)
[0430/112220.441:ERROR:process_reader_win.cc(151)] SuspendThread: Åtkomst nekad. (0x5)
[0430/112220.441:ERROR:process_reader_win.cc(151)] SuspendThread: Åtkomst nekad. (0x5)
[0430/112220.441:ERROR:process_reader_win.cc(151)] SuspendThread: Åtkomst nekad. (0x5)
[0430/112220.441:ERROR:process_reader_win.cc(151)] SuspendThread: Åtkomst nekad. (0x5)
[0430/112220.441:ERROR:process_reader_win.cc(151)] SuspendThread: Åtkomst nekad. (0x5)
[0430/112220.441:ERROR:process_reader_win.cc(151)] SuspendThread: Åtkomst nekad. (0x5)
[0430/112220.441:ERROR:process_reader_win.cc(151)] SuspendThread: Åtkomst nekad. (0x5)
[0430/112220.441:ERROR:process_reader_win.cc(123)] NtOpenThread: {Åtkomst nekad} En process har begärt åtkomst till ett objekt, men har inte de rättigheter som krävs. (0xc0000022)
[0430/112220.441:ERROR:exception_snapshot_win.cc(98)] thread ID 9908 not found in process
[0430/112900.570:ERROR:process_reader_win.cc(123)] NtOpenThread: {Åtkomst nekad} En process har begärt åtkomst till ett objekt, men har inte de rättigheter som krävs. (0xc0000022)
[0430/112900.570:ERROR:exception_snapshot_win.cc(98)] thread ID 10068 not found in process
[0501/100028.101:ERROR:process_reader_win.cc(123)] NtOpenThread: {Åtkomst nekad} En process har begärt åtkomst till ett objekt, men har inte de rättigheter som krävs. (0xc0000022)
[0501/100029.399:ERROR:exception_snapshot_win.cc(98)] thread ID 564 not found in process
[0904/170236.495:ERROR:process_reader_win.cc(123)] NtOpenThread: {Åtkomst nekad} En process har begärt åtkomst till ett objekt, men har inte de rättigheter som krävs. (0xc0000022)
[0904/170236.510:ERROR:exception_snapshot_win.cc(98)] thread ID 8516 not found in process
[0904/170411.001:ERROR:process_reader_win.cc(123)] NtOpenThread: {Åtkomst nekad} En process har begärt åtkomst till ett objekt, men har inte de rättigheter som krävs. (0xc0000022)
[0904/170411.003:ERROR:exception_snapshot_win.cc(98)] thread ID 3088 not found in process
[0904/171541.277:ERROR:process_reader_win.cc(123)] NtOpenThread: {Åtkomst nekad} En process har begärt åtkomst till ett objekt, men har inte de rättigheter som krävs. (0xc0000022)
[0904/171541.316:ERROR:process_reader_win.cc(123)] NtOpenThread: {Åtkomst nekad} En process har begärt åtkomst till ett objekt, men har inte de rättigheter som krävs. (0xc0000022)
[0904/171541.323:ERROR:exception_snapshot_win.cc(98)] thread ID 15864 not found in process
[0904/171541.323:ERROR:exception_snapshot_win.cc(98)] thread ID 15808 not found in process
[0904/171756.564:ERROR:process_reader_win.cc(123)] NtOpenThread: {Åtkomst nekad} En process har begärt åtkomst till ett objekt, men har inte de rättigheter som krävs. (0xc0000022)
[0904/171756.566:ERROR:exception_snapshot_win.cc(98)] thread ID 20232 not found in process
[0904/172321.928:ERROR:process_reader_win.cc(123)] NtOpenThread: {Åtkomst nekad} En process har begärt åtkomst till ett objekt, men har inte de rättigheter som krävs. (0xc0000022)
[0904/172321.930:ERROR:exception_snapshot_win.cc(98)] thread ID 19824 not found in process
[0904/172815.994:ERROR:process_reader_win.cc(123)] NtOpenThread: {Åtkomst nekad} En process har begärt åtkomst till ett objekt, men har inte de rättigheter som krävs. (0xc0000022)
[0904/172815.997:ERROR:exception_snapshot_win.cc(98)] thread ID 19440 not found in process
[0904/172816.134:ERROR:process_reader_win.cc(123)] NtOpenThread: {Åtkomst nekad} En process har begärt åtkomst till ett objekt, men har inte de rättigheter som krävs. (0xc0000022)
[0904/172816.136:ERROR:exception_snapshot_win.cc(98)] thread ID 18484 not found in process
[0904/185114.351:ERROR:process_reader_win.cc(123)] NtOpenThread: {Åtkomst nekad} En process har begärt åtkomst till ett objekt, men har inte de rättigheter som krävs. (0xc0000022)
[0904/185114.353:ERROR:exception_snapshot_win.cc(98)] thread ID 7608 not found in process
[0904/185308.402:ERROR:process_reader_win.cc(123)] NtOpenThread: {Åtkomst nekad} En process har begärt åtkomst till ett objekt, men har inte de rättigheter som krävs. (0xc0000022)
[0904/185308.404:ERROR:exception_snapshot_win.cc(98)] thread ID 1316 not found in process
[0908/000101.622:ERROR:process_reader_win.cc(151)] SuspendThread: Access is denied. (0x5)
[0908/000101.623:ERROR:process_reader_win.cc(151)] SuspendThread: Access is denied. (0x5)
[0908/000101.623:ERROR:process_reader_win.cc(151)] SuspendThread: Access is denied. (0x5)
[0908/000101.623:ERROR:process_reader_win.cc(151)] SuspendThread: Access is denied. (0x5)
[0908/000101.623:ERROR:process_reader_win.cc(123)] NtOpenThread: {Access Denied} A process has requested access to an object, but has not been granted those access rights. (0xc0000022)
[0908/000101.623:ERROR:exception_snapshot_win.cc(98)] thread ID 13972 not found in process
[0908/004519.821:ERROR:process_reader_win.cc(123)] NtOpenThread: {Access Denied} A process has requested access to an object, but has not been granted those access rights. (0xc0000022)
[0908/004519.821:ERROR:exception_snapshot_win.cc(98)] thread ID 13556 not found in process
[0908/124756.846:ERROR:process_reader_win.cc(123)] NtOpenThread: {Access Denied} A process has requested access to an object, but has not been granted those access rights. (0xc0000022)
[0908/124756.849:ERROR:exception_snapshot_win.cc(98)] thread ID 18008 not found in process
[0909/125612.589:ERROR:process_reader_win.cc(123)] NtOpenThread: {Access Denied} A process has requested access to an object, but has not been granted those access rights. (0xc0000022)
[0909/125612.591:ERROR:exception_snapshot_win.cc(98)] thread ID 22668 not found in process
[0909/131859.452:ERROR:process_reader_win.cc(123)] NtOpenThread: {Access Denied} A process has requested access to an object, but has not been granted those access rights. (0xc0000022)
[0909/131859.453:ERROR:exception_snapshot_win.cc(98)] thread ID 18848 not found in process
[0909/132106.007:ERROR:process_reader_win.cc(123)] NtOpenThread: {Access Denied} A process has requested access to an object, but has not been granted those access rights. (0xc0000022)
[0909/132106.008:ERROR:exception_snapshot_win.cc(98)] thread ID 10076 not found in process
